AutoDock Vina v1.2.5
#################################################################
# If you used AutoDock Vina in your work, please cite:          #
#                                                               #
# J. Eberhardt, D. Santos-Martins, A. F. Tillack, and S. Forli  #
# AutoDock Vina 1.2.0: New Docking Methods, Expanded Force      #
# Field, and Python Bindings, J. Chem. Inf. Model. (2021)       #
# DOI 10.1021/acs.jcim.1c00203                                  #
#                                                               #
# O. Trott, A. J. Olson,                                        #
# AutoDock Vina: improving the speed and accuracy of docking    #
# with a new scoring function, efficient optimization and       #
# multithreading, J. Comp. Chem. (2010)                         #
# DOI 10.1002/jcc.21334                                         #
#                                                               #
# Please see https://github.com/ccsb-scripps/AutoDock-Vina for  #
# more information.                                             #
#################################################################

Scoring function : vina
Rigid receptor: /content/6Y3C/DOCKING/6Y3C_prot_A.pdbqt
Ligand: /content/6Y3C/DOCKING/SIM/SIM.pdbqt
Grid center: X -17.509 Y -37.274 Z 10.16
Grid size  : X 25.808 Y 22.69 Z 37.258
Grid space : 0.375
Exhaustiveness: 16
CPU: 2
Verbosity: 2

Computing Vina grid ... done.
Performing docking (random seed: 1090982165) ... 
0%   10   20   30   40   50   60   70   80   90   100%
|----|----|----|----|----|----|----|----|----|----|
***************************************************
done.
ENERGY FROM SEARCH: -6.92384
FINAL ENERGY: 
Estimated Free Energy of Binding   : -5.478 (kcal/mol) [=(1)+(2)+(3)-(4)]
(1) Final Intermolecular Energy    : -6.599 (kcal/mol)
    Ligand - Receptor              : -6.599 (kcal/mol)
    Ligand - Flex side chains      : 0.000 (kcal/mol)
(2) Final Total Internal Energy    : -0.325 (kcal/mol)
    Ligand                         : -0.325 (kcal/mol)
    Flex   - Receptor              : 0.000 (kcal/mol)
    Flex   - Flex side chains      : 0.000 (kcal/mol)
(3) Torsional Free Energy          : 1.121 (kcal/mol)
(4) Unbound System's Energy        : -0.325 (kcal/mol)
ENERGY FROM SEARCH: -6.754
FINAL ENERGY: 
Estimated Free Energy of Binding   : -5.337 (kcal/mol) [=(1)+(2)+(3)-(4)]
(1) Final Intermolecular Energy    : -6.039 (kcal/mol)
    Ligand - Receptor              : -6.039 (kcal/mol)
    Ligand - Flex side chains      : 0.000 (kcal/mol)
(2) Final Total Internal Energy    : -0.715 (kcal/mol)
    Ligand                         : -0.715 (kcal/mol)
    Flex   - Receptor              : 0.000 (kcal/mol)
    Flex   - Flex side chains      : 0.000 (kcal/mol)
(3) Torsional Free Energy          : 1.092 (kcal/mol)
(4) Unbound System's Energy        : -0.325 (kcal/mol)
ENERGY FROM SEARCH: -6.708
FINAL ENERGY: 
Estimated Free Energy of Binding   : -5.298 (kcal/mol) [=(1)+(2)+(3)-(4)]
(1) Final Intermolecular Energy    : -6.168 (kcal/mol)
    Ligand - Receptor              : -6.168 (kcal/mol)
    Ligand - Flex side chains      : 0.000 (kcal/mol)
(2) Final Total Internal Energy    : -0.540 (kcal/mol)
    Ligand                         : -0.540 (kcal/mol)
    Flex   - Receptor              : 0.000 (kcal/mol)
    Flex   - Flex side chains      : 0.000 (kcal/mol)
(3) Torsional Free Energy          : 1.084 (kcal/mol)
(4) Unbound System's Energy        : -0.325 (kcal/mol)
ENERGY FROM SEARCH: -6.698
FINAL ENERGY: 
Estimated Free Energy of Binding   : -5.290 (kcal/mol) [=(1)+(2)+(3)-(4)]
(1) Final Intermolecular Energy    : -6.198 (kcal/mol)
    Ligand - Receptor              : -6.198 (kcal/mol)
    Ligand - Flex side chains      : 0.000 (kcal/mol)
(2) Final Total Internal Energy    : -0.499 (kcal/mol)
    Ligand                         : -0.499 (kcal/mol)
    Flex   - Receptor              : 0.000 (kcal/mol)
    Flex   - Flex side chains      : 0.000 (kcal/mol)
(3) Torsional Free Energy          : 1.082 (kcal/mol)
(4) Unbound System's Energy        : -0.325 (kcal/mol)
ENERGY FROM SEARCH: -6.646
FINAL ENERGY: 
Estimated Free Energy of Binding   : -5.247 (kcal/mol) [=(1)+(2)+(3)-(4)]
(1) Final Intermolecular Energy    : -5.986 (kcal/mol)
    Ligand - Receptor              : -5.986 (kcal/mol)
    Ligand - Flex side chains      : 0.000 (kcal/mol)
(2) Final Total Internal Energy    : -0.659 (kcal/mol)
    Ligand                         : -0.659 (kcal/mol)
    Flex   - Receptor              : 0.000 (kcal/mol)
    Flex   - Flex side chains      : 0.000 (kcal/mol)
(3) Torsional Free Energy          : 1.074 (kcal/mol)
(4) Unbound System's Energy        : -0.325 (kcal/mol)
ENERGY FROM SEARCH: -6.622
FINAL ENERGY: 
Estimated Free Energy of Binding   : -5.227 (kcal/mol) [=(1)+(2)+(3)-(4)]
(1) Final Intermolecular Energy    : -5.888 (kcal/mol)
    Ligand - Receptor              : -5.888 (kcal/mol)
    Ligand - Flex side chains      : 0.000 (kcal/mol)
(2) Final Total Internal Energy    : -0.734 (kcal/mol)
    Ligand                         : -0.734 (kcal/mol)
    Flex   - Receptor              : 0.000 (kcal/mol)
    Flex   - Flex side chains      : 0.000 (kcal/mol)
(3) Torsional Free Energy          : 1.070 (kcal/mol)
(4) Unbound System's Energy        : -0.325 (kcal/mol)
ENERGY FROM SEARCH: -6.610
FINAL ENERGY: 
Estimated Free Energy of Binding   : -5.217 (kcal/mol) [=(1)+(2)+(3)-(4)]
(1) Final Intermolecular Energy    : -5.889 (kcal/mol)
    Ligand - Receptor              : -5.889 (kcal/mol)
    Ligand - Flex side chains      : 0.000 (kcal/mol)
(2) Final Total Internal Energy    : -0.720 (kcal/mol)
    Ligand                         : -0.720 (kcal/mol)
    Flex   - Receptor              : 0.000 (kcal/mol)
    Flex   - Flex side chains      : 0.000 (kcal/mol)
(3) Torsional Free Energy          : 1.068 (kcal/mol)
(4) Unbound System's Energy        : -0.325 (kcal/mol)
ENERGY FROM SEARCH: -6.533
FINAL ENERGY: 
Estimated Free Energy of Binding   : -5.153 (kcal/mol) [=(1)+(2)+(3)-(4)]
(1) Final Intermolecular Energy    : -5.804 (kcal/mol)
    Ligand - Receptor              : -5.804 (kcal/mol)
    Ligand - Flex side chains      : 0.000 (kcal/mol)
(2) Final Total Internal Energy    : -0.729 (kcal/mol)
    Ligand                         : -0.729 (kcal/mol)
    Flex   - Receptor              : 0.000 (kcal/mol)
    Flex   - Flex side chains      : 0.000 (kcal/mol)
(3) Torsional Free Energy          : 1.054 (kcal/mol)
(4) Unbound System's Energy        : -0.325 (kcal/mol)
ENERGY FROM SEARCH: -6.515
FINAL ENERGY: 
Estimated Free Energy of Binding   : -5.139 (kcal/mol) [=(1)+(2)+(3)-(4)]
(1) Final Intermolecular Energy    : -6.037 (kcal/mol)
    Ligand - Receptor              : -6.037 (kcal/mol)
    Ligand - Flex side chains      : 0.000 (kcal/mol)
(2) Final Total Internal Energy    : -0.478 (kcal/mol)
    Ligand                         : -0.478 (kcal/mol)
    Flex   - Receptor              : 0.000 (kcal/mol)
    Flex   - Flex side chains      : 0.000 (kcal/mol)
(3) Torsional Free Energy          : 1.051 (kcal/mol)
(4) Unbound System's Energy        : -0.325 (kcal/mol)

mode |   affinity | dist from best mode
     | (kcal/mol) | rmsd l.b.| rmsd u.b.
-----+------------+----------+----------
   1      -5.4779     0.0000     0.0000
   2      -5.3368    18.5825    20.7520
   3      -5.2985    17.3047    18.4364
   4      -5.2902     2.0465     2.7064
   5      -5.2469    15.8419    17.2303
   6      -5.2272    15.7439    16.6834
   7      -5.2173    13.3817    14.8381
   8      -5.1535    20.5350    22.5658
   9      -5.1386     2.1128     4.1610
